<?xml version="1.0" encoding="UTF-8"?>
<!-- Generated by org.testng.reporters.JUnitXMLReporter -->
<testsuite hostname="DESKTOP-088KN70" failures="0" tests="8" name="Command line test" time="14.533" errors="0" timestamp="8 Sep 2019 07:29:04 GMT">
  <testcase classname="com.restassured.learning.tests.ContentTypeTest" name="getUsers" time="6.686"/>
  <testcase classname="com.restassured.learning.tests.CreateUserPOSTTest" name="createUser" time="2.436"/>
  <testcase classname="com.restassured.learning.datadriventesting.CreateUsersTest" name="createUsersDDT" time="0.533"/>
  <testcase classname="com.restassured.learning.datadriventesting.CreateUsersTest" name="createUsersDDT" time="0.578"/>
  <testcase classname="com.restassured.learning.tests.GetAllUsersTest" name="getAllUsers" time="1.393"/>
  <testcase classname="com.restassured.learning.tests.OrchesrationCreateDeleteTest" name="main" time="0.515"/>
  <testcase classname="com.restassured.learning.tests.ResponseTest" name="validateResponse" time="0.703"/>
  <testcase classname="com.restassured.learning.tests.StatusCodeTest" name="smokeTest" time="0.469"/>
</testsuite> <!-- Command line test -->
