<?xml version="1.0" encoding="UTF-8" ?>
<testsuite tests="8" failures="0" name="TestSuite" time="13.346" errors="0" skipped="0">
  <properties>
[...]
</properties>
  <testcase classname="com.restassured.learning.tests.ContentTypeTest" name="getUsers" time="6.697"/>
  <testcase classname="com.restassured.learning.tests.CreateUserPOSTTest" name="createUser" time="2.466"/>
  <testcase classname="com.restassured.learning.datadriventesting.CreateUsersTest" name="createUsersDDT" time="0.517"/>
  <testcase classname="com.restassured.learning.datadriventesting.CreateUsersTest" name="createUsersDDT" time="0.586"/>
  <testcase classname="com.restassured.learning.tests.GetAllUsersTest" name="getAllUsers" time="1.393"/>
  <testcase classname="com.restassured.learning.tests.OrchesrationCreateDeleteTest" name="main" time="0.515"/>
  <testcase classname="com.restassured.learning.tests.ResponseTest" name="validateResponse" time="0.703"/>
  <testcase classname="com.restassured.learning.tests.StatusCodeTest" name="smokeTest" time="0.469"/>
</testsuite>