<?xml version="1.0" encoding="UTF-8"?>
<testng-results total="8" passed="8" failed="0" skipped="0">
  <reporter-output>
  </reporter-output>
  <suite started-at="2019-09-08T07:28:50Z" name="Command line suite" finished-at="2019-09-08T07:29:04Z" duration-ms="14533">
    <groups>
    </groups>
    <test started-at="2019-09-08T07:28:50Z" name="Command line test" finished-at="2019-09-08T07:29:04Z" duration-ms="14533">
      <class name="com.restassured.learning.tests.ResponseTest">
        <test-method signature="validateResponse()[pri:0, instance:com.restassured.learning.tests.ResponseTest@5e316c74]" started-at="2019-09-08T12:59:03Z" name="validateResponse" description="Validate Response grom GET method." finished-at="2019-09-08T12:59:04Z" duration-ms="703" status="PASS">
          <reporter-output>
          </reporter-output>
        </test-method> <!-- validateResponse -->
      </class> <!-- com.restassured.learning.tests.ResponseTest -->
      <class name="com.restassured.learning.tests.StatusCodeTest">
        <test-method signature="smokeTest()[pri:0, instance:com.restassured.learning.tests.StatusCodeTest@6d2a209c]" started-at="2019-09-08T12:59:04Z" name="smokeTest" description="Verify status code" finished-at="2019-09-08T12:59:04Z" duration-ms="469" status="PASS">
          <reporter-output>
          </reporter-output>
        </test-method> <!-- smokeTest -->
      </class> <!-- com.restassured.learning.tests.StatusCodeTest -->
      <class name="com.restassured.learning.datadriventesting.CreateUsersTest">
        <test-method is-config="true" signature="setUp()[pri:0, instance:com.restassured.learning.datadriventesting.CreateUsersTest@12e61fe6]" started-at="2019-09-08T12:58:50Z" name="setUp" finished-at="2019-09-08T12:58:51Z" duration-ms="1172" status="PASS">
          <reporter-output>
          </reporter-output>
        </test-method> <!-- setUp -->
        <test-method signature="createUsersDDT(java.lang.String, java.lang.String)[pri:0, instance:com.restassured.learning.datadriventesting.CreateUsersTest@12e61fe6]" started-at="2019-09-08T12:59:00Z" name="createUsersDDT" data-provider="users" finished-at="2019-09-08T12:59:01Z" duration-ms="533" status="PASS">
          <params>
            <param index="0">
              <value>
                <![CDATA[user1]]>
              </value>
            </param>
            <param index="1">
              <value>
                <![CDATA[job1]]>
              </value>
            </param>
          </params>
          <reporter-output>
          </reporter-output>
        </test-method> <!-- createUsersDDT -->
        <test-method signature="createUsersDDT(java.lang.String, java.lang.String)[pri:0, instance:com.restassured.learning.datadriventesting.CreateUsersTest@12e61fe6]" started-at="2019-09-08T12:59:01Z" name="createUsersDDT" data-provider="users" finished-at="2019-09-08T12:59:01Z" duration-ms="578" status="PASS">
          <params>
            <param index="0">
              <value>
                <![CDATA[user2]]>
              </value>
            </param>
            <param index="1">
              <value>
                <![CDATA[job2]]>
              </value>
            </param>
          </params>
          <reporter-output>
          </reporter-output>
        </test-method> <!-- createUsersDDT -->
      </class> <!-- com.restassured.learning.datadriventesting.CreateUsersTest -->
      <class name="com.restassured.learning.tests.GetAllUsersTest">
        <test-method signature="getAllUsers()[pri:0, instance:com.restassured.learning.tests.GetAllUsersTest@48fa0f47]" started-at="2019-09-08T12:59:01Z" name="getAllUsers" description="Getting all the users" finished-at="2019-09-08T12:59:03Z" duration-ms="1393" status="PASS">
          <reporter-output>
          </reporter-output>
        </test-method> <!-- getAllUsers -->
      </class> <!-- com.restassured.learning.tests.GetAllUsersTest -->
      <class name="com.restassured.learning.tests.CreateUserPOSTTest">
        <test-method signature="createUser()[pri:0, instance:com.restassured.learning.tests.CreateUserPOSTTest@1677d1]" started-at="2019-09-08T12:58:58Z" name="createUser" description="Verify User is created through POST method" finished-at="2019-09-08T12:59:00Z" duration-ms="2436" status="PASS">
          <reporter-output>
          </reporter-output>
        </test-method> <!-- createUser -->
      </class> <!-- com.restassured.learning.tests.CreateUserPOSTTest -->
      <class name="com.restassured.learning.tests.OrchesrationCreateDeleteTest">
        <test-method signature="main()[pri:0, instance:com.restassured.learning.tests.OrchesrationCreateDeleteTest@6ac13091]" started-at="2019-09-08T12:59:03Z" name="main" description="Checking the flow" finished-at="2019-09-08T12:59:03Z" duration-ms="515" status="PASS">
          <reporter-output>
          </reporter-output>
        </test-method> <!-- main -->
      </class> <!-- com.restassured.learning.tests.OrchesrationCreateDeleteTest -->
      <class name="com.restassured.learning.tests.ContentTypeTest">
        <test-method signature="getUsers()[pri:0, instance:com.restassured.learning.tests.ContentTypeTest@7ee955a8]" started-at="2019-09-08T12:58:51Z" name="getUsers" description="Get Users and verify Content Type as JSON" finished-at="2019-09-08T12:58:58Z" duration-ms="6686" status="PASS">
          <reporter-output>
          </reporter-output>
        </test-method> <!-- getUsers -->
      </class> <!-- com.restassured.learning.tests.ContentTypeTest -->
    </test> <!-- Command line test -->
  </suite> <!-- Command line suite -->
</testng-results>
